{"C:\\Users\\talel\\Downloads\\FinalTravelApp-login\\FinalTravelApp-login\\backend\\src\\app.ts": {"path":"C:\\Users\\talel\\Downloads\\FinalTravelApp-login\\FinalTravelApp-login\\backend\\src\\app.ts","statementMap":{"0":{"start":{"line":1,"column":0},"end":{"line":1,"column":30}},"1":{"start":{"line":2,"column":0},"end":{"line":2,"column":28}},"2":{"start":{"line":3,"column":0},"end":{"line":3,"column":32}},"3":{"start":{"line":4,"column":0},"end":{"line":4,"column":45}},"4":{"start":{"line":5,"column":0},"end":{"line":5,"column":45}},"5":{"start":{"line":6,"column":0},"end":{"line":6,"column":51}},"6":{"start":{"line":9,"column":0},"end":{"line":9,"column":24}},"7":{"start":{"line":15,"column":0},"end":{"line":15,"column":16}},"8":{"start":{"line":17,"column":0},"end":{"line":19,"column":1}},"9":{"start":{"line":18,"column":2},"end":{"line":18,"column":63}},"10":{"start":{"line":21,"column":12},"end":{"line":21,"column":21}},"11":{"start":{"line":23,"column":0},"end":{"line":23,"column":24}},"12":{"start":{"line":25,"column":0},"end":{"line":28,"column":4}},"13":{"start":{"line":30,"column":0},"end":{"line":30,"column":30}},"14":{"start":{"line":31,"column":0},"end":{"line":31,"column":30}},"15":{"start":{"line":32,"column":0},"end":{"line":32,"column":36}},"16":{"start":{"line":35,"column":0},"end":{"line":38,"column":38}},"17":{"start":{"line":37,"column":14},"end":{"line":37,"column":46}},"18":{"start":{"line":38,"column":18},"end":{"line":38,"column":36}},"19":{"start":{"line":41,"column":0},"end":{"line":41,"column":19}}},"fnMap":{"0":{"name":"(anonymous_1)","decl":{"start":{"line":37,"column":8},"end":{"line":37,"column":11}},"loc":{"start":{"line":37,"column":14},"end":{"line":37,"column":46}}},"1":{"name":"(anonymous_2)","decl":{"start":{"line":38,"column":9},"end":{"line":38,"column":10}},"loc":{"start":{"line":38,"column":18},"end":{"line":38,"column":36}}}},"branchMap":{"0":{"loc":{"start":{"line":17,"column":0},"end":{"line":19,"column":1}},"type":"if","locations":[{"start":{"line":17,"column":0},"end":{"line":19,"column":1}}]}},"s":{"0":5,"1":5,"2":5,"3":5,"4":5,"5":5,"6":5,"7":5,"8":5,"9":0,"10":5,"11":5,"12":5,"13":5,"14":5,"15":5,"16":5,"17":5,"18":0,"19":5},"f":{"0":5,"1":0},"b":{"0":[0]}}
,"C:\\Users\\talel\\Downloads\\FinalTravelApp-login\\FinalTravelApp-login\\backend\\src\\controllers\\CommentController.ts": {"path":"C:\\Users\\talel\\Downloads\\FinalTravelApp-login\\FinalTravelApp-login\\backend\\src\\controllers\\CommentController.ts","statementMap":{"0":{"start":{"line":2,"column":0},"end":{"line":2,"column":45}},"1":{"start":{"line":5,"column":26},"end":{"line":29,"column":1}},"2":{"start":{"line":6,"column":2},"end":{"line":27,"column":3}},"3":{"start":{"line":7,"column":32},"end":{"line":7,"column":40}},"4":{"start":{"line":8,"column":19},"end":{"line":8,"column":55}},"5":{"start":{"line":10,"column":4},"end":{"line":13,"column":5}},"6":{"start":{"line":11,"column":6},"end":{"line":11,"column":76}},"7":{"start":{"line":12,"column":6},"end":{"line":12,"column":13}},"8":{"start":{"line":15,"column":4},"end":{"line":18,"column":5}},"9":{"start":{"line":16,"column":6},"end":{"line":16,"column":75}},"10":{"start":{"line":17,"column":6},"end":{"line":17,"column":13}},"11":{"start":{"line":19,"column":23},"end":{"line":23,"column":6}},"12":{"start":{"line":24,"column":4},"end":{"line":24,"column":37}},"13":{"start":{"line":26,"column":4},"end":{"line":26,"column":64}},"14":{"start":{"line":5,"column":13},"end":{"line":5,"column":26}},"15":{"start":{"line":32,"column":33},"end":{"line":49,"column":1}},"16":{"start":{"line":33,"column":17},"end":{"line":33,"column":30}},"17":{"start":{"line":36,"column":2},"end":{"line":48,"column":3}},"18":{"start":{"line":37,"column":21},"end":{"line":37,"column":56}},"19":{"start":{"line":39,"column":4},"end":{"line":42,"column":5}},"20":{"start":{"line":40,"column":6},"end":{"line":40,"column":75}},"21":{"start":{"line":41,"column":6},"end":{"line":41,"column":13}},"22":{"start":{"line":44,"column":4},"end":{"line":44,"column":35}},"23":{"start":{"line":46,"column":4},"end":{"line":46,"column":35}},"24":{"start":{"line":47,"column":4},"end":{"line":47,"column":64}},"25":{"start":{"line":32,"column":13},"end":{"line":32,"column":33}},"26":{"start":{"line":52,"column":29},"end":{"line":63,"column":1}},"27":{"start":{"line":53,"column":2},"end":{"line":62,"column":3}},"28":{"start":{"line":54,"column":20},"end":{"line":54,"column":96}},"29":{"start":{"line":55,"column":4},"end":{"line":58,"column":5}},"30":{"start":{"line":56,"column":6},"end":{"line":56,"column":61}},"31":{"start":{"line":57,"column":6},"end":{"line":57,"column":13}},"32":{"start":{"line":59,"column":4},"end":{"line":59,"column":34}},"33":{"start":{"line":61,"column":4},"end":{"line":61,"column":64}},"34":{"start":{"line":52,"column":13},"end":{"line":52,"column":29}},"35":{"start":{"line":65,"column":29},"end":{"line":79,"column":1}},"36":{"start":{"line":66,"column":2},"end":{"line":78,"column":3}},"37":{"start":{"line":68,"column":20},"end":{"line":68,"column":71}},"38":{"start":{"line":70,"column":4},"end":{"line":73,"column":5}},"39":{"start":{"line":71,"column":6},"end":{"line":71,"column":61}},"40":{"start":{"line":72,"column":6},"end":{"line":72,"column":13}},"41":{"start":{"line":75,"column":4},"end":{"line":75,"column":70}},"42":{"start":{"line":77,"column":4},"end":{"line":77,"column":64}},"43":{"start":{"line":65,"column":13},"end":{"line":65,"column":29}}},"fnMap":{"0":{"name":"(anonymous_1)","decl":{"start":{"line":5,"column":26},"end":{"line":5,"column":31}},"loc":{"start":{"line":5,"column":79},"end":{"line":29,"column":1}}},"1":{"name":"(anonymous_2)","decl":{"start":{"line":32,"column":33},"end":{"line":32,"column":38}},"loc":{"start":{"line":32,"column":86},"end":{"line":49,"column":1}}},"2":{"name":"(anonymous_3)","decl":{"start":{"line":52,"column":29},"end":{"line":52,"column":34}},"loc":{"start":{"line":52,"column":82},"end":{"line":63,"column":1}}},"3":{"name":"(anonymous_4)","decl":{"start":{"line":65,"column":29},"end":{"line":65,"column":34}},"loc":{"start":{"line":65,"column":82},"end":{"line":79,"column":1}}}},"branchMap":{"0":{"loc":{"start":{"line":8,"column":19},"end":{"line":8,"column":55}},"type":"binary-expr","locations":[{"start":{"line":8,"column":19},"end":{"line":8,"column":36}},{"start":{"line":8,"column":40},"end":{"line":8,"column":55}}]},"1":{"loc":{"start":{"line":10,"column":4},"end":{"line":13,"column":5}},"type":"if","locations":[{"start":{"line":10,"column":4},"end":{"line":13,"column":5}}]},"2":{"loc":{"start":{"line":15,"column":4},"end":{"line":18,"column":5}},"type":"if","locations":[{"start":{"line":15,"column":4},"end":{"line":18,"column":5}}]},"3":{"loc":{"start":{"line":15,"column":8},"end":{"line":15,"column":27}},"type":"binary-expr","locations":[{"start":{"line":15,"column":8},"end":{"line":15,"column":16}},{"start":{"line":15,"column":20},"end":{"line":15,"column":27}}]},"4":{"loc":{"start":{"line":39,"column":4},"end":{"line":42,"column":5}},"type":"if","locations":[{"start":{"line":39,"column":4},"end":{"line":42,"column":5}}]},"5":{"loc":{"start":{"line":55,"column":4},"end":{"line":58,"column":5}},"type":"if","locations":[{"start":{"line":55,"column":4},"end":{"line":58,"column":5}}]},"6":{"loc":{"start":{"line":70,"column":4},"end":{"line":73,"column":5}},"type":"if","locations":[{"start":{"line":70,"column":4},"end":{"line":73,"column":5}}]}},"s":{"0":5,"1":5,"2":1,"3":1,"4":1,"5":1,"6":0,"7":0,"8":1,"9":0,"10":0,"11":1,"12":1,"13":0,"14":5,"15":5,"16":2,"17":2,"18":2,"19":2,"20":2,"21":2,"22":0,"23":0,"24":0,"25":5,"26":5,"27":1,"28":1,"29":1,"30":0,"31":0,"32":1,"33":0,"34":5,"35":5,"36":1,"37":1,"38":1,"39":0,"40":0,"41":1,"42":0,"43":5},"f":{"0":1,"1":2,"2":1,"3":1},"b":{"0":[1,0],"1":[0],"2":[0],"3":[1,1],"4":[2],"5":[0],"6":[0]}}
,"C:\\Users\\talel\\Downloads\\FinalTravelApp-login\\FinalTravelApp-login\\backend\\src\\controllers\\PostController.ts": {"path":"C:\\Users\\talel\\Downloads\\FinalTravelApp-login\\FinalTravelApp-login\\backend\\src\\controllers\\PostController.ts","statementMap":{"0":{"start":{"line":2,"column":0},"end":{"line":2,"column":39}},"1":{"start":{"line":4,"column":23},"end":{"line":31,"column":1}},"2":{"start":{"line":5,"column":2},"end":{"line":30,"column":3}},"3":{"start":{"line":6,"column":57},"end":{"line":6,"column":65}},"4":{"start":{"line":8,"column":19},"end":{"line":8,"column":36}},"5":{"start":{"line":9,"column":4},"end":{"line":12,"column":5}},"6":{"start":{"line":10,"column":6},"end":{"line":10,"column":56}},"7":{"start":{"line":11,"column":6},"end":{"line":11,"column":13}},"8":{"start":{"line":14,"column":20},"end":{"line":25,"column":6}},"9":{"start":{"line":27,"column":4},"end":{"line":27,"column":34}},"10":{"start":{"line":29,"column":4},"end":{"line":29,"column":64}},"11":{"start":{"line":4,"column":13},"end":{"line":4,"column":23}},"12":{"start":{"line":33,"column":27},"end":{"line":40,"column":1}},"13":{"start":{"line":34,"column":2},"end":{"line":39,"column":3}},"14":{"start":{"line":35,"column":18},"end":{"line":35,"column":40}},"15":{"start":{"line":36,"column":4},"end":{"line":36,"column":32}},"16":{"start":{"line":38,"column":4},"end":{"line":38,"column":64}},"17":{"start":{"line":33,"column":13},"end":{"line":33,"column":27}},"18":{"start":{"line":42,"column":27},"end":{"line":53,"column":1}},"19":{"start":{"line":43,"column":2},"end":{"line":52,"column":3}},"20":{"start":{"line":44,"column":17},"end":{"line":44,"column":56}},"21":{"start":{"line":45,"column":4},"end":{"line":48,"column":5}},"22":{"start":{"line":46,"column":6},"end":{"line":46,"column":58}},"23":{"start":{"line":47,"column":6},"end":{"line":47,"column":13}},"24":{"start":{"line":49,"column":4},"end":{"line":49,"column":31}},"25":{"start":{"line":51,"column":4},"end":{"line":51,"column":64}},"26":{"start":{"line":42,"column":13},"end":{"line":42,"column":27}},"27":{"start":{"line":55,"column":26},"end":{"line":71,"column":1}},"28":{"start":{"line":56,"column":2},"end":{"line":70,"column":3}},"29":{"start":{"line":57,"column":57},"end":{"line":57,"column":65}},"30":{"start":{"line":58,"column":17},"end":{"line":61,"column":null}},"31":{"start":{"line":63,"column":4},"end":{"line":66,"column":5}},"32":{"start":{"line":64,"column":6},"end":{"line":64,"column":58}},"33":{"start":{"line":65,"column":6},"end":{"line":65,"column":13}},"34":{"start":{"line":67,"column":4},"end":{"line":67,"column":31}},"35":{"start":{"line":69,"column":4},"end":{"line":69,"column":64}},"36":{"start":{"line":55,"column":13},"end":{"line":55,"column":26}},"37":{"start":{"line":73,"column":26},"end":{"line":84,"column":1}},"38":{"start":{"line":74,"column":2},"end":{"line":83,"column":3}},"39":{"start":{"line":75,"column":17},"end":{"line":75,"column":65}},"40":{"start":{"line":76,"column":4},"end":{"line":79,"column":5}},"41":{"start":{"line":77,"column":6},"end":{"line":77,"column":58}},"42":{"start":{"line":78,"column":6},"end":{"line":78,"column":13}},"43":{"start":{"line":80,"column":4},"end":{"line":80,"column":67}},"44":{"start":{"line":82,"column":4},"end":{"line":82,"column":64}},"45":{"start":{"line":73,"column":13},"end":{"line":73,"column":26}}},"fnMap":{"0":{"name":"(anonymous_1)","decl":{"start":{"line":4,"column":23},"end":{"line":4,"column":28}},"loc":{"start":{"line":4,"column":76},"end":{"line":31,"column":1}}},"1":{"name":"(anonymous_2)","decl":{"start":{"line":33,"column":27},"end":{"line":33,"column":32}},"loc":{"start":{"line":33,"column":80},"end":{"line":40,"column":1}}},"2":{"name":"(anonymous_3)","decl":{"start":{"line":42,"column":27},"end":{"line":42,"column":32}},"loc":{"start":{"line":42,"column":80},"end":{"line":53,"column":1}}},"3":{"name":"(anonymous_4)","decl":{"start":{"line":55,"column":26},"end":{"line":55,"column":31}},"loc":{"start":{"line":55,"column":79},"end":{"line":71,"column":1}}},"4":{"name":"(anonymous_5)","decl":{"start":{"line":73,"column":26},"end":{"line":73,"column":31}},"loc":{"start":{"line":73,"column":79},"end":{"line":84,"column":1}}}},"branchMap":{"0":{"loc":{"start":{"line":9,"column":4},"end":{"line":12,"column":5}},"type":"if","locations":[{"start":{"line":9,"column":4},"end":{"line":12,"column":5}}]},"1":{"loc":{"start":{"line":45,"column":4},"end":{"line":48,"column":5}},"type":"if","locations":[{"start":{"line":45,"column":4},"end":{"line":48,"column":5}}]},"2":{"loc":{"start":{"line":63,"column":4},"end":{"line":66,"column":5}},"type":"if","locations":[{"start":{"line":63,"column":4},"end":{"line":66,"column":5}}]},"3":{"loc":{"start":{"line":76,"column":4},"end":{"line":79,"column":5}},"type":"if","locations":[{"start":{"line":76,"column":4},"end":{"line":79,"column":5}}]}},"s":{"0":5,"1":5,"2":8,"3":8,"4":8,"5":8,"6":0,"7":0,"8":8,"9":7,"10":1,"11":5,"12":5,"13":3,"14":3,"15":3,"16":0,"17":5,"18":5,"19":2,"20":2,"21":2,"22":1,"23":1,"24":1,"25":0,"26":5,"27":5,"28":0,"29":0,"30":0,"31":0,"32":0,"33":0,"34":0,"35":0,"36":5,"37":5,"38":1,"39":1,"40":1,"41":0,"42":0,"43":1,"44":0,"45":5},"f":{"0":8,"1":3,"2":2,"3":0,"4":1},"b":{"0":[0],"1":[1],"2":[0],"3":[0]}}
,"C:\\Users\\talel\\Downloads\\FinalTravelApp-login\\FinalTravelApp-login\\backend\\src\\controllers\\authcontroller.ts": {"path":"C:\\Users\\talel\\Downloads\\FinalTravelApp-login\\FinalTravelApp-login\\backend\\src\\controllers\\authcontroller.ts","statementMap":{"0":{"start":{"line":2,"column":0},"end":{"line":2,"column":50}},"1":{"start":{"line":3,"column":0},"end":{"line":3,"column":28}},"2":{"start":{"line":4,"column":0},"end":{"line":4,"column":31}},"3":{"start":{"line":11,"column":31},"end":{"line":23,"column":1}},"4":{"start":{"line":12,"column":4},"end":{"line":22,"column":5}},"5":{"start":{"line":13,"column":21},"end":{"line":13,"column":60}},"6":{"start":{"line":14,"column":8},"end":{"line":17,"column":9}},"7":{"start":{"line":15,"column":12},"end":{"line":15,"column":64}},"8":{"start":{"line":16,"column":12},"end":{"line":16,"column":19}},"9":{"start":{"line":18,"column":8},"end":{"line":18,"column":46}},"10":{"start":{"line":20,"column":8},"end":{"line":20,"column":29}},"11":{"start":{"line":21,"column":8},"end":{"line":21,"column":67}},"12":{"start":{"line":11,"column":13},"end":{"line":11,"column":31}},"13":{"start":{"line":29,"column":17},"end":{"line":43,"column":1}},"14":{"start":{"line":30,"column":4},"end":{"line":42,"column":5}},"15":{"start":{"line":31,"column":25},"end":{"line":31,"column":42}},"16":{"start":{"line":32,"column":21},"end":{"line":32,"column":45}},"17":{"start":{"line":33,"column":31},"end":{"line":33,"column":64}},"18":{"start":{"line":34,"column":21},"end":{"line":38,"column":10}},"19":{"start":{"line":39,"column":8},"end":{"line":39,"column":35}},"20":{"start":{"line":41,"column":8},"end":{"line":41,"column":34}},"21":{"start":{"line":50,"column":22},"end":{"line":73,"column":1}},"22":{"start":{"line":51,"column":4},"end":{"line":53,"column":5}},"23":{"start":{"line":52,"column":8},"end":{"line":52,"column":20}},"24":{"start":{"line":55,"column":19},"end":{"line":55,"column":43}},"25":{"start":{"line":56,"column":24},"end":{"line":61,"column":49}},"26":{"start":{"line":63,"column":25},"end":{"line":68,"column":57}},"27":{"start":{"line":69,"column":4},"end":{"line":72,"column":6}},"28":{"start":{"line":74,"column":14},"end":{"line":111,"column":1}},"29":{"start":{"line":75,"column":4},"end":{"line":110,"column":5}},"30":{"start":{"line":76,"column":21},"end":{"line":76,"column":71}},"31":{"start":{"line":77,"column":8},"end":{"line":80,"column":9}},"32":{"start":{"line":78,"column":12},"end":{"line":78,"column":63}},"33":{"start":{"line":79,"column":12},"end":{"line":79,"column":19}},"34":{"start":{"line":81,"column":30},"end":{"line":81,"column":84}},"35":{"start":{"line":82,"column":8},"end":{"line":85,"column":9}},"36":{"start":{"line":83,"column":12},"end":{"line":83,"column":63}},"37":{"start":{"line":84,"column":12},"end":{"line":84,"column":19}},"38":{"start":{"line":86,"column":8},"end":{"line":89,"column":9}},"39":{"start":{"line":87,"column":12},"end":{"line":87,"column":49}},"40":{"start":{"line":88,"column":12},"end":{"line":88,"column":19}},"41":{"start":{"line":91,"column":23},"end":{"line":91,"column":46}},"42":{"start":{"line":92,"column":8},"end":{"line":95,"column":9}},"43":{"start":{"line":93,"column":12},"end":{"line":93,"column":49}},"44":{"start":{"line":94,"column":12},"end":{"line":94,"column":19}},"45":{"start":{"line":96,"column":8},"end":{"line":98,"column":9}},"46":{"start":{"line":97,"column":12},"end":{"line":97,"column":35}},"47":{"start":{"line":99,"column":8},"end":{"line":99,"column":52}},"48":{"start":{"line":100,"column":8},"end":{"line":100,"column":26}},"49":{"start":{"line":101,"column":8},"end":{"line":106,"column":15}},"50":{"start":{"line":109,"column":8},"end":{"line":109,"column":34}},"51":{"start":{"line":118,"column":27},"end":{"line":161,"column":1}},"52":{"start":{"line":119,"column":4},"end":{"line":160,"column":7}},"53":{"start":{"line":121,"column":8},"end":{"line":124,"column":9}},"54":{"start":{"line":122,"column":12},"end":{"line":122,"column":27}},"55":{"start":{"line":123,"column":12},"end":{"line":123,"column":19}},"56":{"start":{"line":126,"column":8},"end":{"line":129,"column":9}},"57":{"start":{"line":127,"column":12},"end":{"line":127,"column":27}},"58":{"start":{"line":128,"column":12},"end":{"line":128,"column":19}},"59":{"start":{"line":130,"column":8},"end":{"line":159,"column":11}},"60":{"start":{"line":131,"column":12},"end":{"line":134,"column":13}},"61":{"start":{"line":132,"column":16},"end":{"line":132,"column":31}},"62":{"start":{"line":133,"column":16},"end":{"line":133,"column":22}},"63":{"start":{"line":136,"column":27},"end":{"line":136,"column":38}},"64":{"start":{"line":137,"column":12},"end":{"line":158,"column":13}},"65":{"start":{"line":139,"column":29},"end":{"line":139,"column":61}},"66":{"start":{"line":140,"column":16},"end":{"line":143,"column":17}},"67":{"start":{"line":141,"column":20},"end":{"line":141,"column":35}},"68":{"start":{"line":142,"column":20},"end":{"line":142,"column":27}},"69":{"start":{"line":144,"column":16},"end":{"line":149,"column":17}},"70":{"start":{"line":145,"column":20},"end":{"line":145,"column":43}},"71":{"start":{"line":146,"column":20},"end":{"line":146,"column":38}},"72":{"start":{"line":147,"column":20},"end":{"line":147,"column":35}},"73":{"start":{"line":148,"column":20},"end":{"line":148,"column":27}},"74":{"start":{"line":150,"column":31},"end":{"line":150,"column":91}},"75":{"start":{"line":150,"column":68},"end":{"line":150,"column":90}},"76":{"start":{"line":151,"column":16},"end":{"line":151,"column":43}},"77":{"start":{"line":152,"column":16},"end":{"line":152,"column":34}},"78":{"start":{"line":154,"column":16},"end":{"line":154,"column":30}},"79":{"start":{"line":156,"column":16},"end":{"line":156,"column":31}},"80":{"start":{"line":157,"column":16},"end":{"line":157,"column":23}},"81":{"start":{"line":163,"column":15},"end":{"line":170,"column":1}},"82":{"start":{"line":164,"column":4},"end":{"line":169,"column":5}},"83":{"start":{"line":165,"column":21},"end":{"line":165,"column":68}},"84":{"start":{"line":166,"column":8},"end":{"line":166,"column":40}},"85":{"start":{"line":168,"column":8},"end":{"line":168,"column":45}},"86":{"start":{"line":172,"column":16},"end":{"line":200,"column":1}},"87":{"start":{"line":173,"column":4},"end":{"line":199,"column":5}},"88":{"start":{"line":174,"column":21},"end":{"line":174,"column":68}},"89":{"start":{"line":175,"column":8},"end":{"line":178,"column":9}},"90":{"start":{"line":176,"column":12},"end":{"line":176,"column":41}},"91":{"start":{"line":177,"column":12},"end":{"line":177,"column":19}},"92":{"start":{"line":179,"column":23},"end":{"line":179,"column":46}},"93":{"start":{"line":181,"column":8},"end":{"line":184,"column":9}},"94":{"start":{"line":182,"column":12},"end":{"line":182,"column":49}},"95":{"start":{"line":183,"column":12},"end":{"line":183,"column":19}},"96":{"start":{"line":185,"column":8},"end":{"line":187,"column":9}},"97":{"start":{"line":186,"column":12},"end":{"line":186,"column":35}},"98":{"start":{"line":188,"column":8},"end":{"line":188,"column":52}},"99":{"start":{"line":189,"column":8},"end":{"line":189,"column":26}},"100":{"start":{"line":190,"column":8},"end":{"line":195,"column":15}},"101":{"start":{"line":198,"column":8},"end":{"line":198,"column":37}},"102":{"start":{"line":206,"column":30},"end":{"line":227,"column":1}},"103":{"start":{"line":207,"column":26},"end":{"line":207,"column":53}},"104":{"start":{"line":208,"column":18},"end":{"line":208,"column":62}},"105":{"start":{"line":210,"column":4},"end":{"line":213,"column":5}},"106":{"start":{"line":211,"column":8},"end":{"line":211,"column":46}},"107":{"start":{"line":212,"column":8},"end":{"line":212,"column":15}},"108":{"start":{"line":214,"column":4},"end":{"line":217,"column":5}},"109":{"start":{"line":215,"column":8},"end":{"line":215,"column":45}},"110":{"start":{"line":216,"column":8},"end":{"line":216,"column":15}},"111":{"start":{"line":219,"column":4},"end":{"line":226,"column":7}},"112":{"start":{"line":220,"column":8},"end":{"line":223,"column":9}},"113":{"start":{"line":221,"column":12},"end":{"line":221,"column":50}},"114":{"start":{"line":222,"column":12},"end":{"line":222,"column":19}},"115":{"start":{"line":224,"column":8},"end":{"line":224,"column":53}},"116":{"start":{"line":225,"column":8},"end":{"line":225,"column":15}},"117":{"start":{"line":206,"column":13},"end":{"line":206,"column":30}},"118":{"start":{"line":229,"column":0},"end":{"line":234,"column":2}}},"fnMap":{"0":{"name":"(anonymous_1)","decl":{"start":{"line":11,"column":31},"end":{"line":11,"column":36}},"loc":{"start":{"line":11,"column":84},"end":{"line":23,"column":1}}},"1":{"name":"(anonymous_2)","decl":{"start":{"line":29,"column":17},"end":{"line":29,"column":22}},"loc":{"start":{"line":29,"column":55},"end":{"line":43,"column":1}}},"2":{"name":"(anonymous_3)","decl":{"start":{"line":50,"column":22},"end":{"line":50,"column":23}},"loc":{"start":{"line":50,"column":57},"end":{"line":73,"column":1}}},"3":{"name":"(anonymous_4)","decl":{"start":{"line":74,"column":14},"end":{"line":74,"column":19}},"loc":{"start":{"line":74,"column":52},"end":{"line":111,"column":1}}},"4":{"name":"(anonymous_5)","decl":{"start":{"line":118,"column":27},"end":{"line":118,"column":28}},"loc":{"start":{"line":118,"column":64},"end":{"line":161,"column":1}}},"5":{"name":"(anonymous_6)","decl":{"start":{"line":119,"column":30},"end":{"line":119,"column":31}},"loc":{"start":{"line":119,"column":50},"end":{"line":160,"column":5}}},"6":{"name":"(anonymous_7)","decl":{"start":{"line":130,"column":59},"end":{"line":130,"column":64}},"loc":{"start":{"line":130,"column":92},"end":{"line":159,"column":9}}},"7":{"name":"(anonymous_8)","decl":{"start":{"line":150,"column":57},"end":{"line":150,"column":58}},"loc":{"start":{"line":150,"column":68},"end":{"line":150,"column":90}}},"8":{"name":"(anonymous_9)","decl":{"start":{"line":163,"column":15},"end":{"line":163,"column":20}},"loc":{"start":{"line":163,"column":53},"end":{"line":170,"column":1}}},"9":{"name":"(anonymous_10)","decl":{"start":{"line":172,"column":16},"end":{"line":172,"column":21}},"loc":{"start":{"line":172,"column":54},"end":{"line":200,"column":1}}},"10":{"name":"(anonymous_11)","decl":{"start":{"line":206,"column":30},"end":{"line":206,"column":31}},"loc":{"start":{"line":206,"column":82},"end":{"line":227,"column":1}}},"11":{"name":"(anonymous_12)","decl":{"start":{"line":219,"column":48},"end":{"line":219,"column":49}},"loc":{"start":{"line":219,"column":65},"end":{"line":226,"column":5}}}},"branchMap":{"0":{"loc":{"start":{"line":14,"column":8},"end":{"line":17,"column":9}},"type":"if","locations":[{"start":{"line":14,"column":8},"end":{"line":17,"column":9}}]},"1":{"loc":{"start":{"line":51,"column":4},"end":{"line":53,"column":5}},"type":"if","locations":[{"start":{"line":51,"column":4},"end":{"line":53,"column":5}}]},"2":{"loc":{"start":{"line":77,"column":8},"end":{"line":80,"column":9}},"type":"if","locations":[{"start":{"line":77,"column":8},"end":{"line":80,"column":9}}]},"3":{"loc":{"start":{"line":82,"column":8},"end":{"line":85,"column":9}},"type":"if","locations":[{"start":{"line":82,"column":8},"end":{"line":85,"column":9}}]},"4":{"loc":{"start":{"line":86,"column":8},"end":{"line":89,"column":9}},"type":"if","locations":[{"start":{"line":86,"column":8},"end":{"line":89,"column":9}}]},"5":{"loc":{"start":{"line":92,"column":8},"end":{"line":95,"column":9}},"type":"if","locations":[{"start":{"line":92,"column":8},"end":{"line":95,"column":9}}]},"6":{"loc":{"start":{"line":96,"column":8},"end":{"line":98,"column":9}},"type":"if","locations":[{"start":{"line":96,"column":8},"end":{"line":98,"column":9}}]},"7":{"loc":{"start":{"line":121,"column":8},"end":{"line":124,"column":9}},"type":"if","locations":[{"start":{"line":121,"column":8},"end":{"line":124,"column":9}}]},"8":{"loc":{"start":{"line":126,"column":8},"end":{"line":129,"column":9}},"type":"if","locations":[{"start":{"line":126,"column":8},"end":{"line":129,"column":9}}]},"9":{"loc":{"start":{"line":131,"column":12},"end":{"line":134,"column":13}},"type":"if","locations":[{"start":{"line":131,"column":12},"end":{"line":134,"column":13}}]},"10":{"loc":{"start":{"line":140,"column":16},"end":{"line":143,"column":17}},"type":"if","locations":[{"start":{"line":140,"column":16},"end":{"line":143,"column":17}}]},"11":{"loc":{"start":{"line":144,"column":16},"end":{"line":149,"column":17}},"type":"if","locations":[{"start":{"line":144,"column":16},"end":{"line":149,"column":17}}]},"12":{"loc":{"start":{"line":144,"column":20},"end":{"line":144,"column":83}},"type":"binary-expr","locations":[{"start":{"line":144,"column":20},"end":{"line":144,"column":38}},{"start":{"line":144,"column":42},"end":{"line":144,"column":83}}]},"13":{"loc":{"start":{"line":175,"column":8},"end":{"line":178,"column":9}},"type":"if","locations":[{"start":{"line":175,"column":8},"end":{"line":178,"column":9}}]},"14":{"loc":{"start":{"line":181,"column":8},"end":{"line":184,"column":9}},"type":"if","locations":[{"start":{"line":181,"column":8},"end":{"line":184,"column":9}}]},"15":{"loc":{"start":{"line":185,"column":8},"end":{"line":187,"column":9}},"type":"if","locations":[{"start":{"line":185,"column":8},"end":{"line":187,"column":9}}]},"16":{"loc":{"start":{"line":208,"column":18},"end":{"line":208,"column":62}},"type":"binary-expr","locations":[{"start":{"line":208,"column":18},"end":{"line":208,"column":31}},{"start":{"line":208,"column":35},"end":{"line":208,"column":62}}]},"17":{"loc":{"start":{"line":210,"column":4},"end":{"line":213,"column":5}},"type":"if","locations":[{"start":{"line":210,"column":4},"end":{"line":213,"column":5}}]},"18":{"loc":{"start":{"line":214,"column":4},"end":{"line":217,"column":5}},"type":"if","locations":[{"start":{"line":214,"column":4},"end":{"line":217,"column":5}}]},"19":{"loc":{"start":{"line":220,"column":8},"end":{"line":223,"column":9}},"type":"if","locations":[{"start":{"line":220,"column":8},"end":{"line":223,"column":9}}]}},"s":{"0":5,"1":5,"2":5,"3":5,"4":1,"5":1,"6":1,"7":0,"8":0,"9":1,"10":0,"11":0,"12":5,"13":5,"14":15,"15":15,"16":15,"17":15,"18":15,"19":6,"20":9,"21":5,"22":15,"23":0,"24":15,"25":15,"26":15,"27":15,"28":5,"29":14,"30":14,"31":14,"32":0,"33":0,"34":14,"35":14,"36":0,"37":0,"38":14,"39":0,"40":0,"41":14,"42":14,"43":0,"44":0,"45":14,"46":0,"47":14,"48":14,"49":14,"50":0,"51":5,"52":1,"53":1,"54":0,"55":0,"56":1,"57":0,"58":0,"59":1,"60":1,"61":0,"62":0,"63":1,"64":1,"65":1,"66":1,"67":0,"68":0,"69":1,"70":0,"71":0,"72":0,"73":0,"74":1,"75":1,"76":1,"77":1,"78":1,"79":0,"80":0,"81":5,"82":0,"83":0,"84":0,"85":0,"86":5,"87":1,"88":1,"89":1,"90":0,"91":0,"92":1,"93":1,"94":0,"95":0,"96":1,"97":0,"98":1,"99":1,"100":1,"101":0,"102":5,"103":14,"104":14,"105":14,"106":0,"107":0,"108":14,"109":0,"110":0,"111":14,"112":14,"113":0,"114":0,"115":14,"116":14,"117":5,"118":5},"f":{"0":1,"1":15,"2":15,"3":14,"4":1,"5":1,"6":1,"7":1,"8":0,"9":1,"10":14,"11":14},"b":{"0":[0],"1":[0],"2":[0],"3":[0],"4":[0],"5":[0],"6":[0],"7":[0],"8":[0],"9":[0],"10":[0],"11":[0],"12":[1,1],"13":[0],"14":[0],"15":[0],"16":[14,14],"17":[0],"18":[0],"19":[0]}}
,"C:\\Users\\talel\\Downloads\\FinalTravelApp-login\\FinalTravelApp-login\\backend\\src\\models\\Comment.ts": {"path":"C:\\Users\\talel\\Downloads\\FinalTravelApp-login\\FinalTravelApp-login\\backend\\src\\models\\Comment.ts","statementMap":{"0":{"start":{"line":1,"column":0},"end":{"line":1,"column":54}},"1":{"start":{"line":9,"column":40},"end":{"line":15,"column":null}},"2":{"start":{"line":18,"column":0},"end":{"line":18,"column":66}}},"fnMap":{},"branchMap":{},"s":{"0":5,"1":5,"2":5},"f":{},"b":{}}
,"C:\\Users\\talel\\Downloads\\FinalTravelApp-login\\FinalTravelApp-login\\backend\\src\\models\\Post.ts": {"path":"C:\\Users\\talel\\Downloads\\FinalTravelApp-login\\FinalTravelApp-login\\backend\\src\\models\\Post.ts","statementMap":{"0":{"start":{"line":1,"column":0},"end":{"line":1,"column":54}},"1":{"start":{"line":16,"column":34},"end":{"line":34,"column":null}},"2":{"start":{"line":36,"column":0},"end":{"line":39,"column":3}},"3":{"start":{"line":37,"column":2},"end":{"line":37,"column":30}},"4":{"start":{"line":38,"column":2},"end":{"line":38,"column":9}},"5":{"start":{"line":41,"column":0},"end":{"line":41,"column":57}}},"fnMap":{"0":{"name":"(anonymous_9)","decl":{"start":{"line":36,"column":30},"end":{"line":36,"column":40}},"loc":{"start":{"line":36,"column":44},"end":{"line":39,"column":1}}}},"branchMap":{},"s":{"0":5,"1":5,"2":5,"3":8,"4":8,"5":5},"f":{"0":8},"b":{}}
,"C:\\Users\\talel\\Downloads\\FinalTravelApp-login\\FinalTravelApp-login\\backend\\src\\models\\User.ts": {"path":"C:\\Users\\talel\\Downloads\\FinalTravelApp-login\\FinalTravelApp-login\\backend\\src\\models\\User.ts","statementMap":{"0":{"start":{"line":1,"column":0},"end":{"line":1,"column":32}},"1":{"start":{"line":13,"column":19},"end":{"line":33,"column":2}},"2":{"start":{"line":35,"column":18},"end":{"line":35,"column":60}},"3":{"start":{"line":37,"column":0},"end":{"line":37,"column":25}}},"fnMap":{},"branchMap":{},"s":{"0":5,"1":5,"2":5,"3":5},"f":{},"b":{}}
,"C:\\Users\\talel\\Downloads\\FinalTravelApp-login\\FinalTravelApp-login\\backend\\src\\routes\\authroutes.ts": {"path":"C:\\Users\\talel\\Downloads\\FinalTravelApp-login\\FinalTravelApp-login\\backend\\src\\routes\\authroutes.ts","statementMap":{"0":{"start":{"line":1,"column":0},"end":{"line":1,"column":33}},"1":{"start":{"line":2,"column":0},"end":{"line":2,"column":59}},"2":{"start":{"line":3,"column":15},"end":{"line":3,"column":23}},"3":{"start":{"line":116,"column":0},"end":{"line":116,"column":44}},"4":{"start":{"line":117,"column":0},"end":{"line":117,"column":50}},"5":{"start":{"line":118,"column":0},"end":{"line":118,"column":46}},"6":{"start":{"line":119,"column":0},"end":{"line":119,"column":48}},"7":{"start":{"line":120,"column":0},"end":{"line":120,"column":51}},"8":{"start":{"line":122,"column":0},"end":{"line":122,"column":22}}},"fnMap":{},"branchMap":{},"s":{"0":5,"1":5,"2":5,"3":5,"4":5,"5":5,"6":5,"7":5,"8":5},"f":{},"b":{}}
,"C:\\Users\\talel\\Downloads\\FinalTravelApp-login\\FinalTravelApp-login\\backend\\src\\routes\\commentRoutes.ts": {"path":"C:\\Users\\talel\\Downloads\\FinalTravelApp-login\\FinalTravelApp-login\\backend\\src\\routes\\commentRoutes.ts","statementMap":{"0":{"start":{"line":1,"column":0},"end":{"line":1,"column":33}},"1":{"start":{"line":2,"column":0},"end":{"line":2,"column":null}},"2":{"start":{"line":8,"column":0},"end":{"line":8,"column":63}},"3":{"start":{"line":10,"column":15},"end":{"line":10,"column":23}},"4":{"start":{"line":12,"column":0},"end":{"line":12,"column":45}},"5":{"start":{"line":13,"column":0},"end":{"line":13,"column":50}},"6":{"start":{"line":14,"column":0},"end":{"line":14,"column":53}},"7":{"start":{"line":15,"column":0},"end":{"line":15,"column":54}},"8":{"start":{"line":17,"column":0},"end":{"line":17,"column":22}}},"fnMap":{},"branchMap":{},"s":{"0":5,"1":5,"2":5,"3":5,"4":5,"5":5,"6":5,"7":5,"8":5},"f":{},"b":{}}
,"C:\\Users\\talel\\Downloads\\FinalTravelApp-login\\FinalTravelApp-login\\backend\\src\\routes\\postRoutes.ts": {"path":"C:\\Users\\talel\\Downloads\\FinalTravelApp-login\\FinalTravelApp-login\\backend\\src\\routes\\postRoutes.ts","statementMap":{"0":{"start":{"line":1,"column":0},"end":{"line":1,"column":33}},"1":{"start":{"line":2,"column":0},"end":{"line":2,"column":null}},"2":{"start":{"line":9,"column":0},"end":{"line":9,"column":63}},"3":{"start":{"line":11,"column":15},"end":{"line":11,"column":23}},"4":{"start":{"line":163,"column":0},"end":{"line":163,"column":42}},"5":{"start":{"line":164,"column":0},"end":{"line":164,"column":29}},"6":{"start":{"line":165,"column":0},"end":{"line":165,"column":32}},"7":{"start":{"line":166,"column":0},"end":{"line":166,"column":47}},"8":{"start":{"line":167,"column":0},"end":{"line":167,"column":50}},"9":{"start":{"line":169,"column":0},"end":{"line":169,"column":22}}},"fnMap":{},"branchMap":{},"s":{"0":5,"1":5,"2":5,"3":5,"4":5,"5":5,"6":5,"7":5,"8":5,"9":5},"f":{},"b":{}}
}
