TN:
SF:src\app.ts
FN:37,(anonymous_1)
FN:38,(anonymous_2)
FNF:2
FNH:1
FNDA:5,(anonymous_1)
FNDA:0,(anonymous_2)
DA:1,5
DA:2,5
DA:3,5
DA:4,5
DA:5,5
DA:6,5
DA:9,5
DA:15,5
DA:17,5
DA:18,0
DA:21,5
DA:23,5
DA:25,5
DA:30,5
DA:31,5
DA:32,5
DA:35,5
DA:37,5
DA:38,0
DA:41,5
LF:20
LH:18
BRDA:17,0,0,0
BRF:1
BRH:0
end_of_record
TN:
SF:src\controllers\CommentController.ts
FN:5,(anonymous_1)
FN:32,(anonymous_2)
FN:52,(anonymous_3)
FN:65,(anonymous_4)
FNF:4
FNH:4
FNDA:1,(anonymous_1)
FNDA:2,(anonymous_2)
FNDA:1,(anonymous_3)
FNDA:1,(anonymous_4)
DA:2,5
DA:5,5
DA:6,1
DA:7,1
DA:8,1
DA:10,1
DA:11,0
DA:12,0
DA:15,1
DA:16,0
DA:17,0
DA:19,1
DA:24,1
DA:26,0
DA:32,5
DA:33,2
DA:36,2
DA:37,2
DA:39,2
DA:40,2
DA:41,2
DA:44,0
DA:46,0
DA:47,0
DA:52,5
DA:53,1
DA:54,1
DA:55,1
DA:56,0
DA:57,0
DA:59,1
DA:61,0
DA:65,5
DA:66,1
DA:68,1
DA:70,1
DA:71,0
DA:72,0
DA:75,1
DA:77,0
LF:40
LH:26
BRDA:8,0,0,1
BRDA:8,0,1,0
BRDA:10,1,0,0
BRDA:15,2,0,0
BRDA:15,3,0,1
BRDA:15,3,1,1
BRDA:39,4,0,2
BRDA:55,5,0,0
BRDA:70,6,0,0
BRF:9
BRH:4
end_of_record
TN:
SF:src\controllers\PostController.ts
FN:4,(anonymous_1)
FN:33,(anonymous_2)
FN:42,(anonymous_3)
FN:55,(anonymous_4)
FN:73,(anonymous_5)
FNF:5
FNH:4
FNDA:8,(anonymous_1)
FNDA:3,(anonymous_2)
FNDA:2,(anonymous_3)
FNDA:0,(anonymous_4)
FNDA:1,(anonymous_5)
DA:2,5
DA:4,5
DA:5,8
DA:6,8
DA:8,8
DA:9,8
DA:10,0
DA:11,0
DA:14,8
DA:27,7
DA:29,1
DA:33,5
DA:34,3
DA:35,3
DA:36,3
DA:38,0
DA:42,5
DA:43,2
DA:44,2
DA:45,2
DA:46,1
DA:47,1
DA:49,1
DA:51,0
DA:55,5
DA:56,0
DA:57,0
DA:58,0
DA:63,0
DA:64,0
DA:65,0
DA:67,0
DA:69,0
DA:73,5
DA:74,1
DA:75,1
DA:76,1
DA:77,0
DA:78,0
DA:80,1
DA:82,0
LF:41
LH:26
BRDA:9,0,0,0
BRDA:45,1,0,1
BRDA:63,2,0,0
BRDA:76,3,0,0
BRF:4
BRH:1
end_of_record
TN:
SF:src\controllers\authcontroller.ts
FN:11,(anonymous_1)
FN:29,(anonymous_2)
FN:50,(anonymous_3)
FN:74,(anonymous_4)
FN:118,(anonymous_5)
FN:119,(anonymous_6)
FN:130,(anonymous_7)
FN:150,(anonymous_8)
FN:163,(anonymous_9)
FN:172,(anonymous_10)
FN:206,(anonymous_11)
FN:219,(anonymous_12)
FNF:12
FNH:11
FNDA:1,(anonymous_1)
FNDA:15,(anonymous_2)
FNDA:15,(anonymous_3)
FNDA:14,(anonymous_4)
FNDA:1,(anonymous_5)
FNDA:1,(anonymous_6)
FNDA:1,(anonymous_7)
FNDA:1,(anonymous_8)
FNDA:0,(anonymous_9)
FNDA:1,(anonymous_10)
FNDA:14,(anonymous_11)
FNDA:14,(anonymous_12)
DA:2,5
DA:3,5
DA:4,5
DA:11,5
DA:12,1
DA:13,1
DA:14,1
DA:15,0
DA:16,0
DA:18,1
DA:20,0
DA:21,0
DA:29,5
DA:30,15
DA:31,15
DA:32,15
DA:33,15
DA:34,15
DA:39,6
DA:41,9
DA:50,5
DA:51,15
DA:52,0
DA:55,15
DA:56,15
DA:63,15
DA:69,15
DA:74,5
DA:75,14
DA:76,14
DA:77,14
DA:78,0
DA:79,0
DA:81,14
DA:82,14
DA:83,0
DA:84,0
DA:86,14
DA:87,0
DA:88,0
DA:91,14
DA:92,14
DA:93,0
DA:94,0
DA:96,14
DA:97,0
DA:99,14
DA:100,14
DA:101,14
DA:109,0
DA:118,5
DA:119,1
DA:121,1
DA:122,0
DA:123,0
DA:126,1
DA:127,0
DA:128,0
DA:130,1
DA:131,1
DA:132,0
DA:133,0
DA:136,1
DA:137,1
DA:139,1
DA:140,1
DA:141,0
DA:142,0
DA:144,1
DA:145,0
DA:146,0
DA:147,0
DA:148,0
DA:150,1
DA:151,1
DA:152,1
DA:154,1
DA:156,0
DA:157,0
DA:163,5
DA:164,0
DA:165,0
DA:166,0
DA:168,0
DA:172,5
DA:173,1
DA:174,1
DA:175,1
DA:176,0
DA:177,0
DA:179,1
DA:181,1
DA:182,0
DA:183,0
DA:185,1
DA:186,0
DA:188,1
DA:189,1
DA:190,1
DA:198,0
DA:206,5
DA:207,14
DA:208,14
DA:210,14
DA:211,0
DA:212,0
DA:214,14
DA:215,0
DA:216,0
DA:219,14
DA:220,14
DA:221,0
DA:222,0
DA:224,14
DA:225,14
DA:229,5
LF:116
LH:71
BRDA:14,0,0,0
BRDA:51,1,0,0
BRDA:77,2,0,0
BRDA:82,3,0,0
BRDA:86,4,0,0
BRDA:92,5,0,0
BRDA:96,6,0,0
BRDA:121,7,0,0
BRDA:126,8,0,0
BRDA:131,9,0,0
BRDA:140,10,0,0
BRDA:144,11,0,0
BRDA:144,12,0,1
BRDA:144,12,1,1
BRDA:175,13,0,0
BRDA:181,14,0,0
BRDA:185,15,0,0
BRDA:208,16,0,14
BRDA:208,16,1,14
BRDA:210,17,0,0
BRDA:214,18,0,0
BRDA:220,19,0,0
BRF:22
BRH:4
end_of_record
TN:
SF:src\models\Comment.ts
FNF:0
FNH:0
DA:1,5
DA:9,5
DA:18,5
LF:3
LH:3
BRF:0
BRH:0
end_of_record
TN:
SF:src\models\Post.ts
FN:36,(anonymous_9)
FNF:1
FNH:1
FNDA:8,(anonymous_9)
DA:1,5
DA:16,5
DA:36,5
DA:37,8
DA:38,8
DA:41,5
LF:6
LH:6
BRF:0
BRH:0
end_of_record
TN:
SF:src\models\User.ts
FNF:0
FNH:0
DA:1,5
DA:13,5
DA:35,5
DA:37,5
LF:4
LH:4
BRF:0
BRH:0
end_of_record
TN:
SF:src\routes\authroutes.ts
FNF:0
FNH:0
DA:1,5
DA:2,5
DA:3,5
DA:116,5
DA:117,5
DA:118,5
DA:119,5
DA:120,5
DA:122,5
LF:9
LH:9
BRF:0
BRH:0
end_of_record
TN:
SF:src\routes\commentRoutes.ts
FNF:0
FNH:0
DA:1,5
DA:2,5
DA:8,5
DA:10,5
DA:12,5
DA:13,5
DA:14,5
DA:15,5
DA:17,5
LF:9
LH:9
BRF:0
BRH:0
end_of_record
TN:
SF:src\routes\postRoutes.ts
FNF:0
FNH:0
DA:1,5
DA:2,5
DA:9,5
DA:11,5
DA:163,5
DA:164,5
DA:165,5
DA:166,5
DA:167,5
DA:169,5
LF:10
LH:10
BRF:0
BRH:0
end_of_record
